{
    "target": {
        "host": "jab.htb"
    },
    "credentials": {
        "auth_method": "null",
        "user": "",
        "password": "",
        "domain": "",
        "ticket_file": "",
        "nthash": "",
        "random_user": "ziycslft"
    },
    "listeners": {
        "LDAP": {
            "port": 389,
            "accessible": false
        },
        "LDAPS": {
            "port": 636,
            "accessible": false
        },
        "SMB": {
            "port": 445,
            "accessible": true
        },
        "SMB over NetBIOS": {
            "port": 139,
            "accessible": true
        }
    },
    "domain": null,
    "nmblookup": null,
    "smb_dialects": {
        "Supported dialects": {
            "SMB 1.0": false,
            "SMB 2.02": true,
            "SMB 2.1": true,
            "SMB 3.0": true,
            "SMB 3.1.1": true
        },
        "Preferred dialect": "SMB 3.0",
        "SMB1 only": false,
        "SMB signing required": true
    },
    "smb_domain_info": {
        "NetBIOS computer name": "DC01",
        "NetBIOS domain name": "JAB",
        "DNS domain": "jab.htb",
        "FQDN": "DC01.jab.htb",
        "Derived membership": "domain member",
        "Derived domain": "JAB"
    },
    "sessions": {
        "sessions_possible": true,
        "null": true,
        "password": false,
        "kerberos": false,
        "nthash": false,
        "random_user": false
    },
    "rpc_domain_info": {
        "Domain": "JAB",
        "Domain SID": "S-1-5-21-715914501-2118353807-243417633",
        "Membership": "domain member"
    },
    "os_info": {
        "OS": "Windows 10, Windows Server 2019, Windows Server 2016",
        "OS version": "10.0",
        "OS release": "1809",
        "OS build": "17763",
        "Native OS": "not supported",
        "Native LAN manager": "not supported",
        "Platform id": null,
        "Server type": null,
        "Server type string": null
    },
    "users": null,
    "groups": null,
    "shares": {},
    "policy": null,
    "printers": null,
    "errors": {
        "listeners": {
            "enum_listeners": [
                "Could not connect to LDAP on 389/tcp: connection refused",
                "Could not connect to LDAPS on 636/tcp: connection refused"
            ]
        },
        "nmblookup": {
            "enum_netbios": [
                "Could not get NetBIOS names information via 'nmblookup': timed out"
            ]
        },
        "domain": {
            "enum_netbios": [
                "Could not get NetBIOS names information via 'nmblookup': timed out"
            ]
        },
        "sessions": {
            "enum_sessions": [
                "Could not establish random user session: STATUS_LOGON_FAILURE"
            ]
        },
        "os_info": {
            "enum_os_info": [
                "Could not get OS info via 'srvinfo': STATUS_ACCESS_DENIED"
            ]
        },
        "users": {
            "enum_users_rpc": [
                "Could not find users via 'querydispinfo': STATUS_ACCESS_DENIED",
                "Could not find users via 'enumdomusers': STATUS_ACCESS_DENIED"
            ]
        },
        "groups": {
            "enum_groups_rpc": [
                "Could not get groups via 'enumalsgroups domain': STATUS_ACCESS_DENIED",
                "Could not get groups via 'enumalsgroups builtin': STATUS_ACCESS_DENIED",
                "Could not get groups via 'enumdomgroups': STATUS_ACCESS_DENIED"
            ]
        },
        "policy": {
            "enum_policy": [
                "SMB connection error on port 445/tcp: STATUS_ACCESS_DENIED",
                "SMB connection error on port 139/tcp: session failed"
            ]
        },
        "printers": {
            "enum_printers": [
                "Could not get printer info via 'enumprinters': STATUS_ACCESS_DENIED"
            ]
        }
    }
}