Starting Nmap 7.94 ( https://nmap.org ) at 2024-03-08 16:43 UTC
NSE: Loaded 156 scripts for scanning.
NSE: Script Pre-scanning.
NSE: Starting runlevel 1 (of 3) scan.
Initiating NSE at 16:43
Completed NSE at 16:43, 0.00s elapsed
NSE: Starting runlevel 2 (of 3) scan.
Initiating NSE at 16:43
Completed NSE at 16:43, 0.00s elapsed
NSE: Starting runlevel 3 (of 3) scan.
Initiating NSE at 16:43
Completed NSE at 16:43, 0.00s elapsed
Initiating SYN Stealth Scan at 16:43
Scanning jab.htb (10.10.11.4) [1000 ports]
Discovered open port 135/tcp on 10.10.11.4
Discovered open port 53/tcp on 10.10.11.4
Discovered open port 445/tcp on 10.10.11.4
Discovered open port 139/tcp on 10.10.11.4
Discovered open port 5222/tcp on 10.10.11.4
Discovered open port 593/tcp on 10.10.11.4
Discovered open port 3269/tcp on 10.10.11.4
Discovered open port 3268/tcp on 10.10.11.4
Discovered open port 7777/tcp on 10.10.11.4
Discovered open port 7070/tcp on 10.10.11.4
Discovered open port 7443/tcp on 10.10.11.4
Discovered open port 5269/tcp on 10.10.11.4
Discovered open port 88/tcp on 10.10.11.4
Discovered open port 464/tcp on 10.10.11.4
Increasing send delay for 10.10.11.4 from 0 to 5 due to 229 out of 763 dropped probes since last increase.
Increasing send delay for 10.10.11.4 from 5 to 10 due to 11 out of 24 dropped probes since last increase.
Increasing send delay for 10.10.11.4 from 10 to 20 due to 11 out of 17 dropped probes since last increase.
Increasing send delay for 10.10.11.4 from 20 to 40 due to 11 out of 16 dropped probes since last increase.
Increasing send delay for 10.10.11.4 from 40 to 80 due to 11 out of 13 dropped probes since last increase.
Increasing send delay for 10.10.11.4 from 80 to 160 due to 11 out of 13 dropped probes since last increase.
Increasing send delay for 10.10.11.4 from 160 to 320 due to 11 out of 12 dropped probes since last increase.
Increasing send delay for 10.10.11.4 from 320 to 640 due to 11 out of 11 dropped probes since last increase.
Increasing send delay for 10.10.11.4 from 640 to 1000 due to 11 out of 11 dropped probes since last increase.
Completed SYN Stealth Scan at 16:46, 158.78s elapsed (1000 total ports)
Initiating Service scan at 16:46
Scanning 14 services on jab.htb (10.10.11.4)
Completed Service scan at 16:47, 50.42s elapsed (14 services on 1 host)
NSE: Script scanning 10.10.11.4.
NSE: Starting runlevel 1 (of 3) scan.
Initiating NSE at 16:47
Completed NSE at 16:47, 11.06s elapsed
NSE: Starting runlevel 2 (of 3) scan.
Initiating NSE at 16:47
Completed NSE at 16:47, 4.37s elapsed
NSE: Starting runlevel 3 (of 3) scan.
Initiating NSE at 16:47
Completed NSE at 16:47, 0.00s elapsed
Nmap scan report for jab.htb (10.10.11.4)
Host is up, received user-set (0.14s latency).
Scanned at 2024-03-08 16:43:38 UTC for 225s
Not shown: 986 closed tcp ports (reset)
PORT     STATE SERVICE             REASON          VERSION
53/tcp   open  domain              syn-ack ttl 127 Simple DNS Plus
88/tcp   open  kerberos-sec        syn-ack ttl 127 Microsoft Windows Kerberos (server time: 2024-03-08 16:46:23Z)
135/tcp  open  msrpc               syn-ack ttl 127 Microsoft Windows RPC
139/tcp  open  netbios-ssn         syn-ack ttl 127 Microsoft Windows netbios-ssn
445/tcp  open  microsoft-ds?       syn-ack ttl 127
464/tcp  open  kpasswd5?           syn-ack ttl 127
593/tcp  open  ncacn_http          syn-ack ttl 127 Microsoft Windows RPC over HTTP 1.0
3268/tcp open  ldap                syn-ack ttl 127 Microsoft Windows Active Directory LDAP (Domain: jab.htb0., Site: Default-First-Site-Name)
| ssl-cert: Subject: commonName=DC01.jab.htb
| Subject Alternative Name: othername: 1.3.6.1.4.1.311.25.1::<unsupported>, DNS:DC01.jab.htb
| Issuer: commonName=jab-DC01-CA/domainComponent=jab
| Public Key type: rsa
| Public Key bits: 2048
| Signature Algorithm: sha1WithRSAEncryption
| Not valid before: 2023-11-01T20:16:18
| Not valid after:  2024-10-31T20:16:18
| MD5:   40f9:01d6:610b:2892:43ca:77de:c48d:f221
| SHA-1: 66ea:c22b:e584:ab5e:07e3:aa8f:5af2:b634:0733:8c06
| -----BEGIN CERTIFICATE-----
| MIIFvzCCBKegAwIBAgITWQAAAAJSWxt6j5iOJQAAAAAAAjANBgkqhkiG9w0BAQUF
| ADBAMRMwEQYKCZImiZPyLGQBGRYDaHRiMRMwEQYKCZImiZPyLGQBGRYDamFiMRQw
| EgYDVQQDEwtqYWItREMwMS1DQTAeFw0yMzExMDEyMDE2MThaFw0yNDEwMzEyMDE2
| MThaMBcxFTATBgNVBAMTDERDMDEuamFiLmh0YjCCASIwDQYJKoZIhvcNAQEBBQAD
| ggEPADCCAQoCggEBALyhhrIoyeCxIBUfY1mo1AQrYI4nNbsonppA338bO9USvrUw
| TR9/V+3rMU4S/vei+s2FigycUrzpaU749n9rySQ9/34p8gtJhnubmlPQW8lhh6qN
| IjOWix7BSlEhhgW0ClbDYsvlQ/dgXtHsEjxbjTsVidZvYh5nL0fQvT61P0Hm8nkO
| p7RTZD+euaq+O+qF1LwMYgU0yAAGlNEUTz44AVv3BcI9I3bQa0uOMdejzU07hf0d
| x1vbjz/6vwKVvv72UegWd7R6ANtNgoy9cO60IA7cEHshrnzfcQWpcaOhJgxMkHFS
| 2ThIJMvVEmBY1Yu1oqP3qcMA2ijUU8FXhJYgvHECAwEAAaOCAtkwggLVMC8GCSsG
| AQQBgjcUAgQiHiAARABvAG0AYQBpAG4AQwBvAG4AdAByAG8AbABsAGUAcjAdBgNV
| HSUEFjAUBggrBgEFBQcDAgYIKwYBBQUHAwEwDgYDVR0PAQH/BAQDAgWgMHgGCSqG
| SIb3DQEJDwRrMGkwDgYIKoZIhvcNAwICAgCAMA4GCCqGSIb3DQMEAgIAgDALBglg
| hkgBZQMEASowCwYJYIZIAWUDBAEtMAsGCWCGSAFlAwQBAjALBglghkgBZQMEAQUw
| BwYFKw4DAgcwCgYIKoZIhvcNAwcwHQYDVR0OBBYEFHENgbJKRZdbCWcWTu4RAzn7
| mseRMB8GA1UdIwQYMBaAFMn7KguvyJy7fx00uETxw3ADj7zeMIHCBgNVHR8Egbow
| gbcwgbSggbGgga6GgatsZGFwOi8vL0NOPWphYi1EQzAxLUNBLENOPURDMDEsQ049
| Q0RQLENOPVB1YmxpYyUyMEtleSUyMFNlcnZpY2VzLENOPVNlcnZpY2VzLENOPUNv
| bmZpZ3VyYXRpb24sREM9amFiLERDPWh0Yj9jZXJ0aWZpY2F0ZVJldm9jYXRpb25M
| aXN0P2Jhc2U/b2JqZWN0Q2xhc3M9Y1JMRGlzdHJpYnV0aW9uUG9pbnQwgbkGCCsG
| AQUFBwEBBIGsMIGpMIGmBggrBgEFBQcwAoaBmWxkYXA6Ly8vQ049amFiLURDMDEt
| Q0EsQ049QUlBLENOPVB1YmxpYyUyMEtleSUyMFNlcnZpY2VzLENOPVNlcnZpY2Vz
| LENOPUNvbmZpZ3VyYXRpb24sREM9amFiLERDPWh0Yj9jQUNlcnRpZmljYXRlP2Jh
| c2U/b2JqZWN0Q2xhc3M9Y2VydGlmaWNhdGlvbkF1dGhvcml0eTA4BgNVHREEMTAv
| oB8GCSsGAQQBgjcZAaASBBAWRnnI9GirQq9+bBt8gwIaggxEQzAxLmphYi5odGIw
| DQYJKoZIhvcNAQEFBQADggEBAEwUT144zjzpCYcyp41JW1XTpAHMkw8YNclKebjP
| 699ip5bQjpC0fwpaXKo+iMZSklytnMVzYETvQ/wr1bGhn5DAvXUK4GN4VaKMho5+
| KcsYBaBlAMCZZbB9Z/zX5nGRDw2Qj6rcoaKssQK2ACFTTWYB/4VZjJhuF275SADB
| qeRsu+Hfc1/h73cDybRKj+8jvphAZPS8wdYq853G08RQghdnKhlGCwRY10RN541L
| j97DUyucvHWAqdXMWshe3chacNaWdBaxg3BOeRuMsfEEn8O3G5643+wZbAH+FMGy
| eb2uiaxUOLycSsONAQ6qt4bwEVGmyOJTHbpwTB8YSJBFU0A=
|_-----END CERTIFICATE-----
|_ssl-date: 2024-03-08T16:47:20+00:00; 0s from scanner time.
3269/tcp open  ssl/ldap            syn-ack ttl 127 Microsoft Windows Active Directory LDAP (Domain: jab.htb0., Site: Default-First-Site-Name)
|_ssl-date: 2024-03-08T16:47:19+00:00; 0s from scanner time.
| ssl-cert: Subject: commonName=DC01.jab.htb
| Subject Alternative Name: othername: 1.3.6.1.4.1.311.25.1::<unsupported>, DNS:DC01.jab.htb
| Issuer: commonName=jab-DC01-CA/domainComponent=jab
| Public Key type: rsa
| Public Key bits: 2048
| Signature Algorithm: sha1WithRSAEncryption
| Not valid before: 2023-11-01T20:16:18
| Not valid after:  2024-10-31T20:16:18
| MD5:   40f9:01d6:610b:2892:43ca:77de:c48d:f221
| SHA-1: 66ea:c22b:e584:ab5e:07e3:aa8f:5af2:b634:0733:8c06
| -----BEGIN CERTIFICATE-----
| MIIFvzCCBKegAwIBAgITWQAAAAJSWxt6j5iOJQAAAAAAAjANBgkqhkiG9w0BAQUF
| ADBAMRMwEQYKCZImiZPyLGQBGRYDaHRiMRMwEQYKCZImiZPyLGQBGRYDamFiMRQw
| EgYDVQQDEwtqYWItREMwMS1DQTAeFw0yMzExMDEyMDE2MThaFw0yNDEwMzEyMDE2
| MThaMBcxFTATBgNVBAMTDERDMDEuamFiLmh0YjCCASIwDQYJKoZIhvcNAQEBBQAD
| ggEPADCCAQoCggEBALyhhrIoyeCxIBUfY1mo1AQrYI4nNbsonppA338bO9USvrUw
| TR9/V+3rMU4S/vei+s2FigycUrzpaU749n9rySQ9/34p8gtJhnubmlPQW8lhh6qN
| IjOWix7BSlEhhgW0ClbDYsvlQ/dgXtHsEjxbjTsVidZvYh5nL0fQvT61P0Hm8nkO
| p7RTZD+euaq+O+qF1LwMYgU0yAAGlNEUTz44AVv3BcI9I3bQa0uOMdejzU07hf0d
| x1vbjz/6vwKVvv72UegWd7R6ANtNgoy9cO60IA7cEHshrnzfcQWpcaOhJgxMkHFS
| 2ThIJMvVEmBY1Yu1oqP3qcMA2ijUU8FXhJYgvHECAwEAAaOCAtkwggLVMC8GCSsG
| AQQBgjcUAgQiHiAARABvAG0AYQBpAG4AQwBvAG4AdAByAG8AbABsAGUAcjAdBgNV
| HSUEFjAUBggrBgEFBQcDAgYIKwYBBQUHAwEwDgYDVR0PAQH/BAQDAgWgMHgGCSqG
| SIb3DQEJDwRrMGkwDgYIKoZIhvcNAwICAgCAMA4GCCqGSIb3DQMEAgIAgDALBglg
| hkgBZQMEASowCwYJYIZIAWUDBAEtMAsGCWCGSAFlAwQBAjALBglghkgBZQMEAQUw
| BwYFKw4DAgcwCgYIKoZIhvcNAwcwHQYDVR0OBBYEFHENgbJKRZdbCWcWTu4RAzn7
| mseRMB8GA1UdIwQYMBaAFMn7KguvyJy7fx00uETxw3ADj7zeMIHCBgNVHR8Egbow
| gbcwgbSggbGgga6GgatsZGFwOi8vL0NOPWphYi1EQzAxLUNBLENOPURDMDEsQ049
| Q0RQLENOPVB1YmxpYyUyMEtleSUyMFNlcnZpY2VzLENOPVNlcnZpY2VzLENOPUNv
| bmZpZ3VyYXRpb24sREM9amFiLERDPWh0Yj9jZXJ0aWZpY2F0ZVJldm9jYXRpb25M
| aXN0P2Jhc2U/b2JqZWN0Q2xhc3M9Y1JMRGlzdHJpYnV0aW9uUG9pbnQwgbkGCCsG
| AQUFBwEBBIGsMIGpMIGmBggrBgEFBQcwAoaBmWxkYXA6Ly8vQ049amFiLURDMDEt
| Q0EsQ049QUlBLENOPVB1YmxpYyUyMEtleSUyMFNlcnZpY2VzLENOPVNlcnZpY2Vz
| LENOPUNvbmZpZ3VyYXRpb24sREM9amFiLERDPWh0Yj9jQUNlcnRpZmljYXRlP2Jh
| c2U/b2JqZWN0Q2xhc3M9Y2VydGlmaWNhdGlvbkF1dGhvcml0eTA4BgNVHREEMTAv
| oB8GCSsGAQQBgjcZAaASBBAWRnnI9GirQq9+bBt8gwIaggxEQzAxLmphYi5odGIw
| DQYJKoZIhvcNAQEFBQADggEBAEwUT144zjzpCYcyp41JW1XTpAHMkw8YNclKebjP
| 699ip5bQjpC0fwpaXKo+iMZSklytnMVzYETvQ/wr1bGhn5DAvXUK4GN4VaKMho5+
| KcsYBaBlAMCZZbB9Z/zX5nGRDw2Qj6rcoaKssQK2ACFTTWYB/4VZjJhuF275SADB
| qeRsu+Hfc1/h73cDybRKj+8jvphAZPS8wdYq853G08RQghdnKhlGCwRY10RN541L
| j97DUyucvHWAqdXMWshe3chacNaWdBaxg3BOeRuMsfEEn8O3G5643+wZbAH+FMGy
| eb2uiaxUOLycSsONAQ6qt4bwEVGmyOJTHbpwTB8YSJBFU0A=
|_-----END CERTIFICATE-----
5222/tcp open  jabber              syn-ack ttl 127 Ignite Realtime Openfire Jabber server 3.10.0 or later
|_ssl-date: TLS randomness does not represent time
| ssl-cert: Subject: commonName=dc01.jab.htb
| Subject Alternative Name: DNS:dc01.jab.htb, DNS:*.dc01.jab.htb
| Issuer: commonName=dc01.jab.htb
| Public Key type: rsa
| Public Key bits: 2048
| Signature Algorithm: sha256WithRSAEncryption
| Not valid before: 2023-10-26T22:00:12
| Not valid after:  2028-10-24T22:00:12
| MD5:   3317:65e1:e84a:14c2:9ac4:54ba:b516:26d8
| SHA-1: efd0:8bde:42df:ff04:1a79:7d20:bf87:a740:66b8:d966
| -----BEGIN CERTIFICATE-----
| MIIDGzCCAgOgAwIBAgIIbuO/UNJ13hgwDQYJKoZIhvcNAQELBQAwFzEVMBMGA1UE
| AwwMZGMwMS5qYWIuaHRiMB4XDTIzMTAyNjIyMDAxMloXDTI4MTAyNDIyMDAxMlow
| FzEVMBMGA1UEAwwMZGMwMS5qYWIuaHRiMIIBIjANBgkqhkiG9w0BAQEFAAOCAQ8A
| MIIBCgKCAQEAhcGn/b2gf5Dxe3gJqG4HrYEijGX/ds1W72Py8zNDIX7G0+cA+pYA
| eFWxpjiF8dBJCL+0R2GIA6cBTBtDzaUef9+j3SQMFsFkCRhDQNp/bKxHqKhtlN9/
| oZme6hGGF8OY4J2eiVGz9lRFHTRowE8DCNmMVTQYxzr+SeF3oupizWBBktTu9r9j
| qrW9GmjsVls1KqaZGqA5CaKCYcNMHKHWDbklyF+FtU89kVgm2AdYQUd565kD/LEW
| mahyyTsSDzCbNpweS4P+rv3+JFMEHWpEzMt5tUK7sHfQllIteFlTB3H5epGAKbW3
| 1GFFX2Iq5xqHU9hdDIsqlWUTUQCvqw4XmQIDAQABo2swaTAnBgNVHREEIDAeggxk
| YzAxLmphYi5odGKCDiouZGMwMS5qYWIuaHRiMB0GA1UdDgQWBBTCC/ywRAOodz1W
| S37YI7OhJjTZ6DAfBgNVHSMEGDAWgBTCC/ywRAOodz1WS37YI7OhJjTZ6DANBgkq
| hkiG9w0BAQsFAAOCAQEAP5Qvvsqdy8cHd31YX0ju498doEU665J2e7VT4o3F5vEI
| XV/6BOSc5WBGQifLwAXWpeYjk1CHh3wheh9iQfqi+STxKPDXN159EGRA746bJ684
| AtCqFQAUiqbbwME3aqbhZDvnC0HedaTZN4slWyrn25WK6qTyl3XfCqGRMoGja0tz
| K5nzUPsxH/c46I0BwmjIEY4Gjk487cJdSxLEkeI3ThExso1ib1eICjPGKTkCjLO6
| Jq0a9SrQrlm62x8Ddk9roonWJKYsbnsFjDmMFdMbjnSou4dm0I2BAti0BDDOtTU7
| 2UlHPhyTT552GLTJngvpeF6DVYNUhDaKElcI6DtKXQ==
|_-----END CERTIFICATE-----
| xmpp-info: 
|   STARTTLS Failed
|   info: 
|     unknown: 
|     stream_id: 5oo0wdfq3x
|     features: 
|     auth_mechanisms: 
|     xmpp: 
|       version: 1.0
|     capabilities: 
|     errors: 
|       invalid-namespace
|       (timeout)
|_    compression_methods: 
5269/tcp open  xmpp                syn-ack ttl 127 Wildfire XMPP Client
| xmpp-info: 
|   Respects server name
|   info: 
|     xmpp: 
|       version: 1.0
|     capabilities: 
|   pre_tls: 
|     xmpp: 
|     capabilities: 
|     features: 
|       Server Dialback
|       TLS
|   post_tls: 
|     xmpp: 
|       lang: en-US
|_    capabilities: 
7070/tcp open  realserver?         syn-ack ttl 127
| fingerprint-strings: 
|   DNSStatusRequestTCP, DNSVersionBindReqTCP: 
|     HTTP/1.1 400 Illegal character CNTL=0x0
|     Content-Type: text/html;charset=iso-8859-1
|     Content-Length: 69
|     Connection: close
|     <h1>Bad Message 400</h1><pre>reason: Illegal character CNTL=0x0</pre>
|   GetRequest: 
|     HTTP/1.1 200 OK
|     Date: Fri, 08 Mar 2024 16:46:23 GMT
|     Last-Modified: Wed, 16 Feb 2022 15:55:02 GMT
|     Content-Type: text/html
|     Accept-Ranges: bytes
|     Content-Length: 223
|     <html>
|     <head><title>Openfire HTTP Binding Service</title></head>
|     <body><font face="Arial, Helvetica"><b>Openfire <a href="http://www.xmpp.org/extensions/xep-0124.html">HTTP Binding</a> Service</b></font></body>
|     </html>
|   HTTPOptions: 
|     HTTP/1.1 200 OK
|     Date: Fri, 08 Mar 2024 16:46:29 GMT
|     Allow: GET,HEAD,POST,OPTIONS
|   Help: 
|     HTTP/1.1 400 No URI
|     Content-Type: text/html;charset=iso-8859-1
|     Content-Length: 49
|     Connection: close
|     <h1>Bad Message 400</h1><pre>reason: No URI</pre>
|   RPCCheck: 
|     HTTP/1.1 400 Illegal character OTEXT=0x80
|     Content-Type: text/html;charset=iso-8859-1
|     Content-Length: 71
|     Connection: close
|     <h1>Bad Message 400</h1><pre>reason: Illegal character OTEXT=0x80</pre>
|   RTSPRequest: 
|     HTTP/1.1 505 Unknown Version
|     Content-Type: text/html;charset=iso-8859-1
|     Content-Length: 58
|     Connection: close
|     <h1>Bad Message 505</h1><pre>reason: Unknown Version</pre>
|   SSLSessionReq: 
|     HTTP/1.1 400 Illegal character CNTL=0x16
|     Content-Type: text/html;charset=iso-8859-1
|     Content-Length: 70
|     Connection: close
|_    <h1>Bad Message 400</h1><pre>reason: Illegal character CNTL=0x16</pre>
7443/tcp open  ssl/oracleas-https? syn-ack ttl 127
|_ssl-date: TLS randomness does not represent time
| ssl-cert: Subject: commonName=dc01.jab.htb
| Subject Alternative Name: DNS:dc01.jab.htb, DNS:*.dc01.jab.htb
| Issuer: commonName=dc01.jab.htb
| Public Key type: rsa
| Public Key bits: 2048
| Signature Algorithm: sha256WithRSAEncryption
| Not valid before: 2023-10-26T22:00:12
| Not valid after:  2028-10-24T22:00:12
| MD5:   3317:65e1:e84a:14c2:9ac4:54ba:b516:26d8
| SHA-1: efd0:8bde:42df:ff04:1a79:7d20:bf87:a740:66b8:d966
| -----BEGIN CERTIFICATE-----
| MIIDGzCCAgOgAwIBAgIIbuO/UNJ13hgwDQYJKoZIhvcNAQELBQAwFzEVMBMGA1UE
| AwwMZGMwMS5qYWIuaHRiMB4XDTIzMTAyNjIyMDAxMloXDTI4MTAyNDIyMDAxMlow
| FzEVMBMGA1UEAwwMZGMwMS5qYWIuaHRiMIIBIjANBgkqhkiG9w0BAQEFAAOCAQ8A
| MIIBCgKCAQEAhcGn/b2gf5Dxe3gJqG4HrYEijGX/ds1W72Py8zNDIX7G0+cA+pYA
| eFWxpjiF8dBJCL+0R2GIA6cBTBtDzaUef9+j3SQMFsFkCRhDQNp/bKxHqKhtlN9/
| oZme6hGGF8OY4J2eiVGz9lRFHTRowE8DCNmMVTQYxzr+SeF3oupizWBBktTu9r9j
| qrW9GmjsVls1KqaZGqA5CaKCYcNMHKHWDbklyF+FtU89kVgm2AdYQUd565kD/LEW
| mahyyTsSDzCbNpweS4P+rv3+JFMEHWpEzMt5tUK7sHfQllIteFlTB3H5epGAKbW3
| 1GFFX2Iq5xqHU9hdDIsqlWUTUQCvqw4XmQIDAQABo2swaTAnBgNVHREEIDAeggxk
| YzAxLmphYi5odGKCDiouZGMwMS5qYWIuaHRiMB0GA1UdDgQWBBTCC/ywRAOodz1W
| S37YI7OhJjTZ6DAfBgNVHSMEGDAWgBTCC/ywRAOodz1WS37YI7OhJjTZ6DANBgkq
| hkiG9w0BAQsFAAOCAQEAP5Qvvsqdy8cHd31YX0ju498doEU665J2e7VT4o3F5vEI
| XV/6BOSc5WBGQifLwAXWpeYjk1CHh3wheh9iQfqi+STxKPDXN159EGRA746bJ684
| AtCqFQAUiqbbwME3aqbhZDvnC0HedaTZN4slWyrn25WK6qTyl3XfCqGRMoGja0tz
| K5nzUPsxH/c46I0BwmjIEY4Gjk487cJdSxLEkeI3ThExso1ib1eICjPGKTkCjLO6
| Jq0a9SrQrlm62x8Ddk9roonWJKYsbnsFjDmMFdMbjnSou4dm0I2BAti0BDDOtTU7
| 2UlHPhyTT552GLTJngvpeF6DVYNUhDaKElcI6DtKXQ==
|_-----END CERTIFICATE-----
| fingerprint-strings: 
|   DNSStatusRequestTCP, DNSVersionBindReqTCP: 
|     HTTP/1.1 400 Illegal character CNTL=0x0
|     Content-Type: text/html;charset=iso-8859-1
|     Content-Length: 69
|     Connection: close
|     <h1>Bad Message 400</h1><pre>reason: Illegal character CNTL=0x0</pre>
|   GetRequest: 
|     HTTP/1.1 200 OK
|     Date: Fri, 08 Mar 2024 16:46:30 GMT
|     Last-Modified: Wed, 16 Feb 2022 15:55:02 GMT
|     Content-Type: text/html
|     Accept-Ranges: bytes
|     Content-Length: 223
|     <html>
|     <head><title>Openfire HTTP Binding Service</title></head>
|     <body><font face="Arial, Helvetica"><b>Openfire <a href="http://www.xmpp.org/extensions/xep-0124.html">HTTP Binding</a> Service</b></font></body>
|     </html>
|   HTTPOptions: 
|     HTTP/1.1 200 OK
|     Date: Fri, 08 Mar 2024 16:46:36 GMT
|     Allow: GET,HEAD,POST,OPTIONS
|   Help: 
|     HTTP/1.1 400 No URI
|     Content-Type: text/html;charset=iso-8859-1
|     Content-Length: 49
|     Connection: close
|     <h1>Bad Message 400</h1><pre>reason: No URI</pre>
|   RPCCheck: 
|     HTTP/1.1 400 Illegal character OTEXT=0x80
|     Content-Type: text/html;charset=iso-8859-1
|     Content-Length: 71
|     Connection: close
|     <h1>Bad Message 400</h1><pre>reason: Illegal character OTEXT=0x80</pre>
|   RTSPRequest: 
|     HTTP/1.1 505 Unknown Version
|     Content-Type: text/html;charset=iso-8859-1
|     Content-Length: 58
|     Connection: close
|     <h1>Bad Message 505</h1><pre>reason: Unknown Version</pre>
|   SSLSessionReq: 
|     HTTP/1.1 400 Illegal character CNTL=0x16
|     Content-Type: text/html;charset=iso-8859-1
|     Content-Length: 70
|     Connection: close
|_    <h1>Bad Message 400</h1><pre>reason: Illegal character CNTL=0x16</pre>
7777/tcp open  socks5              syn-ack ttl 127 (No authentication; connection failed)
| socks-auth-info: 
|_  No authentication
2 services unrecognized despite returning data. If you know the service/version, please submit the following fingerprints at https://nmap.org/cgi-bin/submit.cgi?new-service :
==============NEXT SERVICE FINGERPRINT (SUBMIT INDIVIDUALLY)==============
SF-Port7070-TCP:V=7.94%I=7%D=3/8%Time=65EB40DF%P=x86_64-pc-linux-gnu%r(Get
SF:Request,189,"HTTP/1\.1\x20200\x20OK\r\nDate:\x20Fri,\x2008\x20Mar\x2020
SF:24\x2016:46:23\x20GMT\r\nLast-Modified:\x20Wed,\x2016\x20Feb\x202022\x2
SF:015:55:02\x20GMT\r\nContent-Type:\x20text/html\r\nAccept-Ranges:\x20byt
SF:es\r\nContent-Length:\x20223\r\n\r\n<html>\n\x20\x20<head><title>Openfi
SF:re\x20HTTP\x20Binding\x20Service</title></head>\n\x20\x20<body><font\x2
SF:0face=\"Arial,\x20Helvetica\"><b>Openfire\x20<a\x20href=\"http://www\.x
SF:mpp\.org/extensions/xep-0124\.html\">HTTP\x20Binding</a>\x20Service</b>
SF:</font></body>\n</html>\n")%r(RTSPRequest,AD,"HTTP/1\.1\x20505\x20Unkno
SF:wn\x20Version\r\nContent-Type:\x20text/html;charset=iso-8859-1\r\nConte
SF:nt-Length:\x2058\r\nConnection:\x20close\r\n\r\n<h1>Bad\x20Message\x205
SF:05</h1><pre>reason:\x20Unknown\x20Version</pre>")%r(HTTPOptions,56,"HTT
SF:P/1\.1\x20200\x20OK\r\nDate:\x20Fri,\x2008\x20Mar\x202024\x2016:46:29\x
SF:20GMT\r\nAllow:\x20GET,HEAD,POST,OPTIONS\r\n\r\n")%r(RPCCheck,C7,"HTTP/
SF:1\.1\x20400\x20Illegal\x20character\x20OTEXT=0x80\r\nContent-Type:\x20t
SF:ext/html;charset=iso-8859-1\r\nContent-Length:\x2071\r\nConnection:\x20
SF:close\r\n\r\n<h1>Bad\x20Message\x20400</h1><pre>reason:\x20Illegal\x20c
SF:haracter\x20OTEXT=0x80</pre>")%r(DNSVersionBindReqTCP,C3,"HTTP/1\.1\x20
SF:400\x20Illegal\x20character\x20CNTL=0x0\r\nContent-Type:\x20text/html;c
SF:harset=iso-8859-1\r\nContent-Length:\x2069\r\nConnection:\x20close\r\n\
SF:r\n<h1>Bad\x20Message\x20400</h1><pre>reason:\x20Illegal\x20character\x
SF:20CNTL=0x0</pre>")%r(DNSStatusRequestTCP,C3,"HTTP/1\.1\x20400\x20Illega
SF:l\x20character\x20CNTL=0x0\r\nContent-Type:\x20text/html;charset=iso-88
SF:59-1\r\nContent-Length:\x2069\r\nConnection:\x20close\r\n\r\n<h1>Bad\x2
SF:0Message\x20400</h1><pre>reason:\x20Illegal\x20character\x20CNTL=0x0</p
SF:re>")%r(Help,9B,"HTTP/1\.1\x20400\x20No\x20URI\r\nContent-Type:\x20text
SF:/html;charset=iso-8859-1\r\nContent-Length:\x2049\r\nConnection:\x20clo
SF:se\r\n\r\n<h1>Bad\x20Message\x20400</h1><pre>reason:\x20No\x20URI</pre>
SF:")%r(SSLSessionReq,C5,"HTTP/1\.1\x20400\x20Illegal\x20character\x20CNTL
SF:=0x16\r\nContent-Type:\x20text/html;charset=iso-8859-1\r\nContent-Lengt
SF:h:\x2070\r\nConnection:\x20close\r\n\r\n<h1>Bad\x20Message\x20400</h1><
SF:pre>reason:\x20Illegal\x20character\x20CNTL=0x16</pre>");
==============NEXT SERVICE FINGERPRINT (SUBMIT INDIVIDUALLY)==============
SF-Port7443-TCP:V=7.94%T=SSL%I=7%D=3/8%Time=65EB40E6%P=x86_64-pc-linux-gnu
SF:%r(GetRequest,189,"HTTP/1\.1\x20200\x20OK\r\nDate:\x20Fri,\x2008\x20Mar
SF:\x202024\x2016:46:30\x20GMT\r\nLast-Modified:\x20Wed,\x2016\x20Feb\x202
SF:022\x2015:55:02\x20GMT\r\nContent-Type:\x20text/html\r\nAccept-Ranges:\
SF:x20bytes\r\nContent-Length:\x20223\r\n\r\n<html>\n\x20\x20<head><title>
SF:Openfire\x20HTTP\x20Binding\x20Service</title></head>\n\x20\x20<body><f
SF:ont\x20face=\"Arial,\x20Helvetica\"><b>Openfire\x20<a\x20href=\"http://
SF:www\.xmpp\.org/extensions/xep-0124\.html\">HTTP\x20Binding</a>\x20Servi
SF:ce</b></font></body>\n</html>\n")%r(HTTPOptions,56,"HTTP/1\.1\x20200\x2
SF:0OK\r\nDate:\x20Fri,\x2008\x20Mar\x202024\x2016:46:36\x20GMT\r\nAllow:\
SF:x20GET,HEAD,POST,OPTIONS\r\n\r\n")%r(RTSPRequest,AD,"HTTP/1\.1\x20505\x
SF:20Unknown\x20Version\r\nContent-Type:\x20text/html;charset=iso-8859-1\r
SF:\nContent-Length:\x2058\r\nConnection:\x20close\r\n\r\n<h1>Bad\x20Messa
SF:ge\x20505</h1><pre>reason:\x20Unknown\x20Version</pre>")%r(RPCCheck,C7,
SF:"HTTP/1\.1\x20400\x20Illegal\x20character\x20OTEXT=0x80\r\nContent-Type
SF::\x20text/html;charset=iso-8859-1\r\nContent-Length:\x2071\r\nConnectio
SF:n:\x20close\r\n\r\n<h1>Bad\x20Message\x20400</h1><pre>reason:\x20Illega
SF:l\x20character\x20OTEXT=0x80</pre>")%r(DNSVersionBindReqTCP,C3,"HTTP/1\
SF:.1\x20400\x20Illegal\x20character\x20CNTL=0x0\r\nContent-Type:\x20text/
SF:html;charset=iso-8859-1\r\nContent-Length:\x2069\r\nConnection:\x20clos
SF:e\r\n\r\n<h1>Bad\x20Message\x20400</h1><pre>reason:\x20Illegal\x20chara
SF:cter\x20CNTL=0x0</pre>")%r(DNSStatusRequestTCP,C3,"HTTP/1\.1\x20400\x20
SF:Illegal\x20character\x20CNTL=0x0\r\nContent-Type:\x20text/html;charset=
SF:iso-8859-1\r\nContent-Length:\x2069\r\nConnection:\x20close\r\n\r\n<h1>
SF:Bad\x20Message\x20400</h1><pre>reason:\x20Illegal\x20character\x20CNTL=
SF:0x0</pre>")%r(Help,9B,"HTTP/1\.1\x20400\x20No\x20URI\r\nContent-Type:\x
SF:20text/html;charset=iso-8859-1\r\nContent-Length:\x2049\r\nConnection:\
SF:x20close\r\n\r\n<h1>Bad\x20Message\x20400</h1><pre>reason:\x20No\x20URI
SF:</pre>")%r(SSLSessionReq,C5,"HTTP/1\.1\x20400\x20Illegal\x20character\x
SF:20CNTL=0x16\r\nContent-Type:\x20text/html;charset=iso-8859-1\r\nContent
SF:-Length:\x2070\r\nConnection:\x20close\r\n\r\n<h1>Bad\x20Message\x20400
SF:</h1><pre>reason:\x20Illegal\x20character\x20CNTL=0x16</pre>");
Service Info: Host: DC01; OS: Windows; CPE: cpe:/o:microsoft:windows

Host script results:
| p2p-conficker: 
|   Checking for Conficker.C or higher...
|   Check 1 (port 52338/tcp): CLEAN (Couldn't connect)
|   Check 2 (port 44605/tcp): CLEAN (Couldn't connect)
|   Check 3 (port 7339/udp): CLEAN (Timeout)
|   Check 4 (port 17106/udp): CLEAN (Failed to receive data)
|_  0/4 checks are positive: Host is CLEAN or ports are blocked
| smb2-time: 
|   date: 2024-03-08T16:47:10
|_  start_date: N/A
|_clock-skew: mean: 0s, deviation: 0s, median: 0s
| smb2-security-mode: 
|   3:1:1: 
|_    Message signing enabled and required

NSE: Script Post-scanning.
NSE: Starting runlevel 1 (of 3) scan.
Initiating NSE at 16:47
Completed NSE at 16:47, 0.00s elapsed
NSE: Starting runlevel 2 (of 3) scan.
Initiating NSE at 16:47
Completed NSE at 16:47, 0.00s elapsed
NSE: Starting runlevel 3 (of 3) scan.
Initiating NSE at 16:47
Completed NSE at 16:47, 0.00s elapsed
Read data files from: /usr/bin/../share/nmap
Service detection performed. Please report any incorrect results at https://nmap.org/submit/ .
Nmap done: 1 IP address (1 host up) scanned in 224.85 seconds
           Raw packets sent: 1484 (65.296KB) | Rcvd: 1006 (40.296KB)
